https://twitter.com/i/search/timeline?vertical=default&src=unkn&include_available_features=1&include_entities=1&max_position=-1&reset_error_state=false&f=tweets&l=en&lang=en&q=%20
%20%20%20%20#uberride%20OR%20#uberdriver%20OR%20#uber%20OR%20#uberlyftstrike
%20%20%20%20OR%20#uberstrike%20OR%20#ubershutdown%20OR%20#lyft%20OR%20#lyftstrike
%20%20%20%20OR%20#uberipo%20OR%20#driversunite%20OR%20#strikeuberlyft%20OR
%20%20%20%20#driverslivesmattertoo%20since%3A1554069600%20until%3A1559253600%20exclude%3Anativeretweets%20exclude%3Aretweets
https://twitter.com/i/search/timeline?vertical=default&src=unkn&include_available_features=1&include_entities=1&max_position=thGAVUV0VFVBaAgKbBo8TDvR8WgIC9sYLHxr0fEjUAFQAlAFUAFQAVARUAFQAA&reset_error_state=false&f=tweets&l=en&lang=en&q=%20
%20%20%20%20#uberride%20OR%20#uberdriver%20OR%20#uber%20OR%20#uberlyftstrike
%20%20%20%20OR%20#uberstrike%20OR%20#ubershutdown%20OR%20#lyft%20OR%20#lyftstrike
%20%20%20%20OR%20#uberipo%20OR%20#driversunite%20OR%20#strikeuberlyft%20OR
%20%20%20%20#driverslivesmattertoo%20since%3A1554069600%20until%3A1559253600%20exclude%3Anativeretweets%20exclude%3Aretweets
https://twitter.com/i/search/timeline?vertical=default&src=unkn&include_available_features=1&include_entities=1&max_position=thGAVUV0VFVBaCwLz9_brBvR8WgIC9sYLHxr0fEjUAFQAlAFUAFQAVARUAFQAA&reset_error_state=false&f=tweets&l=en&lang=en&q=%20
%20%20%20%20#uberride%20OR%20#uberdriver%20OR%20#uber%20OR%20#uberlyftstrike
%20%20%20%20OR%20#uberstrike%20OR%20#ubershutdown%20OR%20#lyft%20OR%20#lyftstrike
%20%20%20%20OR%20#uberipo%20OR%20#driversunite%20OR%20#strikeuberlyft%20OR
%20%20%20%20#driverslivesmattertoo%20since%3A1554069600%20until%3A1559253600%20exclude%3Anativeretweets%20exclude%3Aretweets
https://twitter.com/i/search/timeline?vertical=default&src=unkn&include_available_features=1&include_entities=1&max_position=thGAVUV0VFVBaEgLeh476_vR8WgIC9sYLHxr0fEjUAFQAlAFUAFQAVARUAFQAA&reset_error_state=false&f=tweets&l=en&lang=en&q=%20
%20%20%20%20#uberride%20OR%20#uberdriver%20OR%20#uber%20OR%20#uberlyftstrike
%20%20%20%20OR%20#uberstrike%20OR%20#ubershutdown%20OR%20#lyft%20OR%20#lyftstrike
%20%20%20%20OR%20#uberipo%20OR%20#driversunite%20OR%20#strikeuberlyft%20OR
%20%20%20%20#driverslivesmattertoo%20since%3A1554069600%20until%3A1559253600%20exclude%3Anativeretweets%20exclude%3Aretweets
https://twitter.com/i/search/timeline?vertical=default&src=unkn&include_available_features=1&include_entities=1&max_position=thGAVUV0VFVBaCgL2hhoa9vR8WgIC9sYLHxr0fEjUAFQAlAFUAFQAVARUAFQAA&reset_error_state=false&f=tweets&l=en&lang=en&q=%20
%20%20%20%20#uberride%20OR%20#uberdriver%20OR%20#uber%20OR%20#uberlyftstrike
%20%20%20%20OR%20#uberstrike%20OR%20#ubershutdown%20OR%20#lyft%20OR%20#lyftstrike
%20%20%20%20OR%20#uberipo%20OR%20#driversunite%20OR%20#strikeuberlyft%20OR
%20%20%20%20#driverslivesmattertoo%20since%3A1554069600%20until%3A1559253600%20exclude%3Anativeretweets%20exclude%3Aretweets
https://twitter.com/i/search/timeline?vertical=default&src=unkn&include_available_features=1&include_entities=1&max_position=thGAVUV0VFVBaCgLul_Mu6vR8WgIC9sYLHxr0fEjUAFQAlAFUAFQAVARUAFQAA&reset_error_state=false&f=tweets&l=en&lang=en&q=%20
%20%20%20%20#uberride%20OR%20#uberdriver%20OR%20#uber%20OR%20#uberlyftstrike
%20%20%20%20OR%20#uberstrike%20OR%20#ubershutdown%20OR%20#lyft%20OR%20#lyftstrike
%20%20%20%20OR%20#uberipo%20OR%20#driversunite%20OR%20#strikeuberlyft%20OR
%20%20%20%20#driverslivesmattertoo%20since%3A1554069600%20until%3A1559253600%20exclude%3Anativeretweets%20exclude%3Aretweets
https://twitter.com/i/search/timeline?vertical=default&src=unkn&include_available_features=1&include_entities=1&max_position=thGAVUV0VFVBaAgK-Jt5O4vR8WgIC9sYLHxr0fEjUAFQAlAFUAFQAVARUAFQAA&reset_error_state=false&f=tweets&l=en&lang=en&q=%20
%20%20%20%20#uberride%20OR%20#uberdriver%20OR%20#uber%20OR%20#uberlyftstrike
%20%20%20%20OR%20#uberstrike%20OR%20#ubershutdown%20OR%20#lyft%20OR%20#lyftstrike
%20%20%20%20OR%20#uberipo%20OR%20#driversunite%20OR%20#strikeuberlyft%20OR
%20%20%20%20#driverslivesmattertoo%20since%3A1554069600%20until%3A1559253600%20exclude%3Anativeretweets%20exclude%3Aretweets
https://twitter.com/i/search/timeline?vertical=default&src=unkn&include_available_features=1&include_entities=1&max_position=thGAVUV0VFVBaEwLWpt-22vR8WgIC9sYLHxr0fEjUAFQAlAFUAFQAVARUAFQAA&reset_error_state=false&f=tweets&l=en&lang=en&q=%20
%20%20%20%20#uberride%20OR%20#uberdriver%20OR%20#uber%20OR%20#uberlyftstrike
%20%20%20%20OR%20#uberstrike%20OR%20#ubershutdown%20OR%20#lyft%20OR%20#lyftstrike
%20%20%20%20OR%20#uberipo%20OR%20#driversunite%20OR%20#strikeuberlyft%20OR
%20%20%20%20#driverslivesmattertoo%20since%3A1554069600%20until%3A1559253600%20exclude%3Anativeretweets%20exclude%3Aretweets
https://twitter.com/i/search/timeline?vertical=default&src=unkn&include_available_features=1&include_entities=1&max_position=thGAVUV0VFVBaAgLfNz-2zvR8WgIC9sYLHxr0fEjUAFQAlAFUAFQAVARUAFQAA&reset_error_state=false&f=tweets&l=en&lang=en&q=%20
%20%20%20%20#uberride%20OR%20#uberdriver%20OR%20#uber%20OR%20#uberlyftstrike
%20%20%20%20OR%20#uberstrike%20OR%20#ubershutdown%20OR%20#lyft%20OR%20#lyftstrike
%20%20%20%20OR%20#uberipo%20OR%20#driversunite%20OR%20#strikeuberlyft%20OR
%20%20%20%20#driverslivesmattertoo%20since%3A1554069600%20until%3A1559253600%20exclude%3Anativeretweets%20exclude%3Aretweets
https://twitter.com/i/search/timeline?vertical=default&src=unkn&include_available_features=1&include_entities=1&max_position=thGAVUV0VFVBaAgL3pv7ixvR8WgIC9sYLHxr0fEjUAFQAlAFUAFQAVARUAFQAA&reset_error_state=false&f=tweets&l=en&lang=en&q=%20
%20%20%20%20#uberride%20OR%20#uberdriver%20OR%20#uber%20OR%20#uberlyftstrike
%20%20%20%20OR%20#uberstrike%20OR%20#ubershutdown%20OR%20#lyft%20OR%20#lyftstrike
%20%20%20%20OR%20#uberipo%20OR%20#driversunite%20OR%20#strikeuberlyft%20OR
%20%20%20%20#driverslivesmattertoo%20since%3A1554069600%20until%3A1559253600%20exclude%3Anativeretweets%20exclude%3Aretweets
